-------------------------------------------------------------------------------
Test set: com.lambda.bw_airbnb_price_opt.BwAirbnbPriceOptApplicationTests
-------------------------------------------------------------------------------
Tests run: 1, Failures: 0, Errors: 1, Skipped: 0, Time elapsed: 34.454 s <<< FAILURE! - in com.lambda.bw_airbnb_price_opt.BwAirbnbPriceOptApplicationTests
contextLoads(com.lambda.bw_airbnb_price_opt.BwAirbnbPriceOptApplicationTests)  Time elapsed: 0.025 s  <<< ERROR!
java.lang.IllegalStateException: Failed to load ApplicationContext
Caused by: org.springframework.beans.factory.BeanCreationException: Error creating bean with name 'h2TcpServer' defined in class path resource [com/lambda/bw_airbnb_price_opt/config/H2ServerConfiguration.class]: Bean instantiation via factory method failed; nested exception is org.springframework.beans.BeanInstantiationException: Failed to instantiate [org.h2.tools.Server]: Factory method 'h2TcpServer' threw exception; nested exception is org.h2.jdbc.JdbcSQLNonTransientConnectionException: Exception opening port "9092" (port may be in use), cause: "java.net.BindException: Address already in use (Bind failed)" [90061-199]
Caused by: org.springframework.beans.BeanInstantiationException: Failed to instantiate [org.h2.tools.Server]: Factory method 'h2TcpServer' threw exception; nested exception is org.h2.jdbc.JdbcSQLNonTransientConnectionException: Exception opening port "9092" (port may be in use), cause: "java.net.BindException: Address already in use (Bind failed)" [90061-199]
Caused by: org.h2.jdbc.JdbcSQLNonTransientConnectionException: Exception opening port "9092" (port may be in use), cause: "java.net.BindException: Address already in use (Bind failed)" [90061-199]
Caused by: java.net.BindException: Address already in use (Bind failed)

